<?xml version="1.0" encoding="UTF-8"?>
<!-- Generated by org.testng.reporters.JUnitXMLReporter -->
<testsuite ignored="2" hostname="DESKTOP-2FJ9JMP" failures="1" tests="2" name="Test" time="109.505" errors="0" timestamp="2023-11-23T16:30:48 IST">
  <testcase classname="Project_package.Add_RetailerTest" name="addretailer" time="1.49">
    <failure type="java.lang.AssertionError" message="expected [Add Product] but found [Admin: Home]">
      <![CDATA[java.lang.AssertionError: expected [Add Product] but found [Admin: Home]
at com.ObjectRepo.HomePage.AddProductConfirmatio(HomePage.java:96)
at Project_package.Add_RetailerTest.addretailer(Add_RetailerTest.java:30)
at java.base/java.util.ArrayList.forEach(ArrayList.java:1511)
at java.base/java.util.concurrent.FutureTask.run(FutureTask.java:264)
at java.base/java.util.concurrent.ThreadPoolExecutor.runWorker(ThreadPoolExecutor.java:1136)
at java.base/java.util.concurrent.ThreadPoolExecutor$Worker.run(ThreadPoolExecutor.java:635)
at java.base/java.lang.Thread.run(Thread.java:833)
... Removed 23 stack frames]]>
    </failure>
  </testcase> <!-- addretailer -->
  <testcase classname="Project_package.Deleting_retailertest" name="deleteretailer" time="31.369"/>
  <testcase classname="com.scmflex.Genericutils.BaseClass" name="@BeforeSuite config_BS" time="0.0">
    <ignored/>
  </testcase> <!-- @BeforeSuite config_BS -->
  <testcase classname="com.scmflex.Genericutils.BaseClass" name="@AfterSuite config_As" time="0.0">
    <ignored/>
  </testcase> <!-- @AfterSuite config_As -->
</testsuite> <!-- Test -->
